==13870== Memcheck, a memory error detector
==13870== Copyright (C) 2002-2022, and GNU GPL'd, by Julian Seward et al.
==13870== Using Valgrind-3.20.0 and LibVEX; rerun with -h for copyright info
==13870== Command: ./minishell
==13870== Parent PID: 13857
==13870== 
==13870== Invalid read of size 1
==13870==    at 0x1093AF: check_in_quote (get_input.c:22)
==13870==    by 0x109448: get_input (get_input.c:53)
==13870==    by 0x109666: read_readline (lexer.c:47)
==13870==    by 0x109278: main (main.c:42)
==13870==  Address 0x4b5b845 is 0 bytes after a block of size 5 alloc'd
==13870==    at 0x484884F: malloc (vg_replace_malloc.c:393)
==13870==    by 0x48A5BAC: xmalloc (in /usr/lib/x86_64-linux-gnu/libreadline.so.8.1)
==13870==    by 0x4883694: readline_internal_teardown (in /usr/lib/x86_64-linux-gnu/libreadline.so.8.1)
==13870==    by 0x488DD2A: readline (in /usr/lib/x86_64-linux-gnu/libreadline.so.8.1)
==13870==    by 0x1093EC: get_input (get_input.c:52)
==13870==    by 0x109666: read_readline (lexer.c:47)
==13870==    by 0x109278: main (main.c:42)
==13870== 
==13870== 
==13870== FILE DESCRIPTORS: 4 open (3 std) at exit.
==13870== Open file descriptor 3: /home/miguel/Coding/42Porto/CommonCore/minishell/output.log
==13870==    <inherited from parent>
==13870== 
==13870== 
==13870== HEAP SUMMARY:
==13870==     in use at exit: 204,139 bytes in 221 blocks
==13870==   total heap usage: 480 allocs, 259 frees, 231,329 bytes allocated
==13870== 
==13870== LEAK SUMMARY:
==13870==    definitely lost: 0 bytes in 0 blocks
==13870==    indirectly lost: 0 bytes in 0 blocks
==13870==      possibly lost: 0 bytes in 0 blocks
==13870==    still reachable: 0 bytes in 0 blocks
==13870==         suppressed: 204,139 bytes in 221 blocks
==13870== 
==13870== For lists of detected and suppressed errors, rerun with: -s
==13870== ERROR SUMMARY: 6 errors from 1 contexts (suppressed: 0 from 0)
